03/09/15 12:01:58 AM	SMART INITIALIZED.
03/09/15 12:01:58 AM	DB OK		
03/09/15 12:02:15 AM	LOGGED IN.	
03/09/15 12:02:22 AM	TOGGLE - R:2 D:d1 V:1
03/09/15 12:02:23 AM	TOGGLE - R:2 D:d4 V:1
03/09/15 12:02:23 AM	TOGGLE - R:2 D:d8 V:1
03/09/15 12:02:24 AM	TOGGLE - R:2 D:d7 V:1
03/09/15 12:02:24 AM	TOGGLE - R:2 D:d7 V:0
03/09/15 12:02:25 AM	TOGGLE - R:2 D:d6 V:1
03/09/15 12:02:25 AM	TOGGLE - R:2 D:d7 V:1
03/09/15 12:02:26 AM	TOGGLE - R:2 D:d5 V:1
03/09/15 12:02:27 AM	TOGGLE - R:2 D:d4 V:0
03/09/15 12:02:27 AM	TOGGLE - R:2 D:d3 V:1
03/09/15 12:02:28 AM	TOGGLE - R:2 D:d2 V:1
03/09/15 12:02:28 AM	TOGGLE - R:2 D:d1 V:0
03/09/15 12:02:29 AM	TOGGLE - R:2 D:d2 V:0
03/09/15 12:02:29 AM	TOGGLE - R:2 D:d3 V:0
03/09/15 12:02:30 AM	TOGGLE - R:2 D:d8 V:0
03/09/15 12:02:31 AM	TOGGLE - R:2 D:d5 V:0
03/09/15 12:02:31 AM	TOGGLE - R:2 D:d6 V:0
03/09/15 12:02:31 AM	TOGGLE - R:2 D:d7 V:0
03/09/15 12:02:32 AM	TOGGLE - R:2 D:d6 V:0
04/09/15 02:25:12 PM	SMART INITIALIZED.
04/09/15 02:25:12 PM	DB OK		
04/09/15 02:27:19 PM	SMART INITIALIZED.
04/09/15 02:27:19 PM	DB OK		
04/09/15 02:27:26 PM	LOGIN DENIED.	
04/09/15 02:27:26 PM	LOGIN DENIED.	
04/09/15 02:27:26 PM	LOGIN DENIED.	
04/09/15 02:27:26 PM	LOGIN DENIED.	
04/09/15 02:27:26 PM	LOGIN LOCKED!	
04/09/15 02:27:26 PM	LOGIN LOCKED!	
04/09/15 02:27:26 PM	LOGIN LOCKED!	
04/09/15 02:27:26 PM	LOGIN LOCKED!	
04/09/15 02:27:26 PM	LOGIN LOCKED!	
04/09/15 02:27:26 PM	LOGIN LOCKED!	
04/09/15 02:27:26 PM	LOGIN LOCKED!	
04/09/15 02:27:26 PM	LOGIN LOCKED!	
04/09/15 02:27:26 PM	LOGIN LOCKED!	
04/09/15 02:27:26 PM	LOGIN LOCKED!	
04/09/15 02:27:26 PM	LOGIN LOCKED!	
04/09/15 02:27:26 PM	LOGIN LOCKED!	
04/09/15 02:27:26 PM	LOGIN LOCKED!	
04/09/15 02:27:26 PM	LOGIN LOCKED!	
04/09/15 02:27:26 PM	LOGIN LOCKED!	
04/09/15 02:27:26 PM	LOGIN LOCKED!	
04/09/15 02:27:26 PM	LOGIN LOCKED!	
04/09/15 02:27:26 PM	LOGIN LOCKED!	
04/09/15 02:27:26 PM	LOGIN LOCKED!	
04/09/15 02:27:26 PM	LOGIN LOCKED!	
04/09/15 02:27:26 PM	LOGIN LOCKED!	
04/09/15 02:27:26 PM	LOGIN LOCKED!	
04/09/15 02:27:26 PM	LOGIN LOCKED!	
04/09/15 02:27:26 PM	LOGIN LOCKED!	
04/09/15 02:27:26 PM	LOGIN LOCKED!	
04/09/15 02:27:26 PM	LOGIN LOCKED!	
04/09/15 02:27:26 PM	LOGIN LOCKED!	
04/09/15 02:27:26 PM	LOGIN LOCKED!	
04/09/15 02:27:26 PM	LOGIN LOCKED!	
04/09/15 02:27:26 PM	LOGIN LOCKED!	
04/09/15 02:27:26 PM	LOGIN LOCKED!	
04/09/15 02:27:26 PM	LOGIN LOCKED!	
04/09/15 02:27:26 PM	LOGIN LOCKED!	
04/09/15 02:27:26 PM	LOGIN LOCKED!	
04/09/15 02:27:26 PM	LOGIN LOCKED!	
04/09/15 02:27:26 PM	LOGIN LOCKED!	
04/09/15 02:27:26 PM	LOGIN LOCKED!	
04/09/15 02:27:26 PM	LOGIN LOCKED!	
04/09/15 02:27:27 PM	LOGIN LOCKED!	
04/09/15 02:27:27 PM	LOGIN LOCKED!	
04/09/15 02:27:27 PM	LOGIN LOCKED!	
04/09/15 02:27:27 PM	LOGIN LOCKED!	
04/09/15 02:27:27 PM	LOGIN LOCKED!	
04/09/15 02:27:27 PM	LOGIN LOCKED!	
04/09/15 02:27:27 PM	LOGIN LOCKED!	
04/09/15 02:27:27 PM	LOGIN LOCKED!	
04/09/15 02:27:27 PM	LOGIN LOCKED!	
04/09/15 02:27:27 PM	LOGIN LOCKED!	
04/09/15 02:27:27 PM	LOGIN LOCKED!	
04/09/15 02:27:27 PM	LOGIN LOCKED!	
04/09/15 02:27:27 PM	LOGIN LOCKED!	
04/09/15 02:27:27 PM	LOGIN LOCKED!	
04/09/15 02:27:27 PM	LOGIN LOCKED!	
04/09/15 02:27:27 PM	LOGIN LOCKED!	
04/09/15 02:27:27 PM	LOGIN LOCKED!	
04/09/15 02:27:27 PM	LOGIN LOCKED!	
04/09/15 02:27:27 PM	LOGIN LOCKED!	
04/09/15 02:27:27 PM	LOGIN LOCKED!	
04/09/15 02:27:27 PM	LOGIN LOCKED!	
04/09/15 02:27:27 PM	LOGIN LOCKED!	
04/09/15 02:27:27 PM	LOGIN LOCKED!	
04/09/15 02:27:27 PM	LOGIN LOCKED!	
04/09/15 02:27:27 PM	LOGIN LOCKED!	
04/09/15 02:27:27 PM	LOGIN LOCKED!	
04/09/15 02:27:27 PM	LOGIN LOCKED!	
04/09/15 02:27:27 PM	LOGIN LOCKED!	
04/09/15 02:27:27 PM	LOGIN LOCKED!	
04/09/15 02:27:27 PM	LOGIN LOCKED!	
04/09/15 02:27:27 PM	LOGIN LOCKED!	
04/09/15 02:27:27 PM	LOGIN LOCKED!	
04/09/15 02:27:27 PM	LOGIN LOCKED!	
04/09/15 02:27:27 PM	LOGIN LOCKED!	
04/09/15 02:27:27 PM	LOGIN LOCKED!	
04/09/15 02:27:27 PM	LOGIN LOCKED!	
04/09/15 02:27:27 PM	LOGIN LOCKED!	
04/09/15 02:27:27 PM	LOGIN LOCKED!	
04/09/15 02:27:27 PM	LOGIN LOCKED!	
04/09/15 02:27:27 PM	LOGIN LOCKED!	
04/09/15 02:27:27 PM	LOGIN LOCKED!	
04/09/15 02:27:27 PM	LOGIN LOCKED!	
04/09/15 02:27:27 PM	LOGIN LOCKED!	
04/09/15 02:27:27 PM	LOGIN LOCKED!	
04/09/15 02:27:27 PM	LOGIN LOCKED!	
04/09/15 02:27:27 PM	LOGIN LOCKED!	
04/09/15 02:27:28 PM	LOGIN LOCKED!	
04/09/15 02:27:28 PM	LOGIN LOCKED!	
04/09/15 02:27:28 PM	LOGIN LOCKED!	
04/09/15 02:27:28 PM	LOGIN LOCKED!	
04/09/15 02:27:28 PM	LOGIN LOCKED!	
04/09/15 02:27:28 PM	LOGIN LOCKED!	
04/09/15 02:27:28 PM	LOGIN LOCKED!	
04/09/15 02:27:28 PM	LOGIN LOCKED!	
04/09/15 02:27:28 PM	LOGIN LOCKED!	
04/09/15 02:27:28 PM	LOGIN LOCKED!	
04/09/15 02:27:28 PM	LOGIN LOCKED!	
04/09/15 02:27:28 PM	LOGIN LOCKED!	
04/09/15 02:27:28 PM	LOGIN LOCKED!	
04/09/15 02:27:28 PM	LOGIN LOCKED!	
04/09/15 02:27:28 PM	LOGIN LOCKED!	
04/09/15 02:27:28 PM	LOGIN LOCKED!	
04/09/15 02:27:28 PM	LOGIN LOCKED!	
04/09/15 02:27:28 PM	LOGIN LOCKED!	
04/09/15 02:27:28 PM	LOGIN LOCKED!	
04/09/15 02:27:28 PM	LOGIN LOCKED!	
04/09/15 02:27:28 PM	LOGIN LOCKED!	
04/09/15 02:27:28 PM	LOGIN LOCKED!	
04/09/15 02:27:28 PM	LOGIN LOCKED!	
04/09/15 02:27:28 PM	LOGIN LOCKED!	
04/09/15 02:27:28 PM	LOGIN LOCKED!	
04/09/15 02:27:28 PM	LOGIN LOCKED!	
04/09/15 02:27:28 PM	LOGIN LOCKED!	
04/09/15 02:27:28 PM	LOGIN LOCKED!	
04/09/15 02:27:28 PM	LOGIN LOCKED!	
04/09/15 02:27:28 PM	LOGIN LOCKED!	
04/09/15 02:27:28 PM	LOGIN LOCKED!	
04/09/15 02:27:28 PM	LOGIN LOCKED!	
04/09/15 02:27:28 PM	LOGIN LOCKED!	
04/09/15 02:27:28 PM	LOGIN LOCKED!	
04/09/15 02:27:28 PM	LOGIN LOCKED!	
04/09/15 02:27:28 PM	LOGIN LOCKED!	
04/09/15 02:27:28 PM	LOGIN LOCKED!	
04/09/15 02:27:28 PM	LOGIN LOCKED!	
04/09/15 02:27:28 PM	LOGIN LOCKED!	
04/09/15 02:27:28 PM	LOGIN LOCKED!	
04/09/15 02:27:28 PM	LOGIN LOCKED!	
04/09/15 02:27:28 PM	LOGIN LOCKED!	
04/09/15 02:27:28 PM	LOGIN LOCKED!	
04/09/15 02:27:28 PM	LOGIN LOCKED!	
04/09/15 02:27:28 PM	LOGIN LOCKED!	
04/09/15 02:27:29 PM	LOGIN LOCKED!	
04/09/15 02:27:29 PM	LOGIN LOCKED!	
04/09/15 02:27:29 PM	LOGIN LOCKED!	
04/09/15 02:27:29 PM	LOGIN LOCKED!	
04/09/15 02:27:29 PM	LOGIN LOCKED!	
04/09/15 02:27:29 PM	LOGIN LOCKED!	
04/09/15 02:27:29 PM	LOGIN LOCKED!	
04/09/15 02:27:29 PM	LOGIN LOCKED!	
04/09/15 02:27:29 PM	LOGIN LOCKED!	
04/09/15 02:27:29 PM	LOGIN LOCKED!	
04/09/15 02:27:29 PM	LOGIN LOCKED!	
04/09/15 02:27:29 PM	LOGIN LOCKED!	
04/09/15 02:27:29 PM	LOGIN LOCKED!	
04/09/15 02:27:29 PM	LOGIN LOCKED!	
04/09/15 02:27:29 PM	LOGIN LOCKED!	
04/09/15 02:27:29 PM	LOGIN LOCKED!	
04/09/15 02:27:29 PM	LOGIN LOCKED!	
04/09/15 02:27:29 PM	LOGIN LOCKED!	
04/09/15 02:27:29 PM	LOGIN LOCKED!	
04/09/15 02:27:29 PM	LOGIN LOCKED!	
04/09/15 02:27:29 PM	LOGIN LOCKED!	
04/09/15 02:27:29 PM	LOGIN LOCKED!	
04/09/15 02:27:29 PM	LOGIN LOCKED!	
04/09/15 02:27:29 PM	LOGIN LOCKED!	
04/09/15 02:27:29 PM	LOGIN LOCKED!	
04/09/15 02:27:29 PM	LOGIN LOCKED!	
04/09/15 02:27:29 PM	LOGIN LOCKED!	
04/09/15 02:27:29 PM	LOGIN LOCKED!	
04/09/15 02:27:29 PM	LOGIN LOCKED!	
04/09/15 02:27:29 PM	LOGIN LOCKED!	
04/09/15 02:27:29 PM	LOGIN LOCKED!	
04/09/15 02:27:29 PM	LOGIN LOCKED!	
04/09/15 02:27:29 PM	LOGIN LOCKED!	
04/09/15 02:27:29 PM	LOGIN LOCKED!	
04/09/15 02:27:29 PM	LOGIN LOCKED!	
04/09/15 02:27:29 PM	LOGIN LOCKED!	
04/09/15 02:27:29 PM	LOGIN LOCKED!	
04/09/15 02:27:29 PM	LOGIN LOCKED!	
04/09/15 02:27:29 PM	LOGIN LOCKED!	
04/09/15 02:27:29 PM	LOGIN LOCKED!	
04/09/15 02:27:29 PM	LOGIN LOCKED!	
04/09/15 02:27:29 PM	LOGIN LOCKED!	
04/09/15 02:27:29 PM	LOGIN LOCKED!	
04/09/15 02:27:29 PM	LOGIN LOCKED!	
04/09/15 02:27:29 PM	LOGIN LOCKED!	
04/09/15 02:27:29 PM	LOGIN LOCKED!	
04/09/15 02:27:30 PM	LOGIN LOCKED!	
04/09/15 02:27:30 PM	LOGIN LOCKED!	
04/09/15 02:27:30 PM	LOGIN LOCKED!	
04/09/15 02:27:30 PM	LOGIN LOCKED!	
04/09/15 02:27:30 PM	LOGIN LOCKED!	
04/09/15 02:27:30 PM	LOGIN LOCKED!	
04/09/15 02:27:30 PM	LOGIN LOCKED!	
04/09/15 02:27:30 PM	LOGIN LOCKED!	
04/09/15 02:27:30 PM	LOGIN LOCKED!	
04/09/15 02:27:30 PM	LOGIN LOCKED!	
04/09/15 02:27:30 PM	LOGIN LOCKED!	
04/09/15 02:27:30 PM	LOGIN LOCKED!	
04/09/15 02:27:30 PM	LOGIN LOCKED!	
04/09/15 02:27:30 PM	LOGIN LOCKED!	
04/09/15 02:27:30 PM	LOGIN LOCKED!	
04/09/15 02:27:30 PM	LOGIN LOCKED!	
04/09/15 02:27:30 PM	LOGIN LOCKED!	
04/09/15 02:27:30 PM	LOGIN LOCKED!	
04/09/15 02:27:30 PM	LOGIN LOCKED!	
04/09/15 02:27:30 PM	LOGIN LOCKED!	
04/09/15 02:27:30 PM	LOGIN LOCKED!	
04/09/15 02:27:30 PM	LOGIN LOCKED!	
04/09/15 02:27:30 PM	LOGIN LOCKED!	
04/09/15 02:27:30 PM	LOGIN LOCKED!	
04/09/15 02:27:30 PM	LOGIN LOCKED!	
04/09/15 02:27:30 PM	LOGIN LOCKED!	
04/09/15 02:27:30 PM	LOGIN LOCKED!	
04/09/15 02:27:30 PM	LOGIN LOCKED!	
04/09/15 02:27:30 PM	LOGIN LOCKED!	
04/09/15 02:27:30 PM	LOGIN LOCKED!	
04/09/15 02:27:30 PM	LOGIN LOCKED!	
04/09/15 02:27:30 PM	LOGIN LOCKED!	
04/09/15 02:27:30 PM	LOGIN LOCKED!	
04/09/15 02:27:30 PM	LOGIN LOCKED!	
04/09/15 02:27:30 PM	LOGIN LOCKED!	
04/09/15 02:27:30 PM	LOGIN LOCKED!	
04/09/15 02:27:30 PM	LOGIN LOCKED!	
04/09/15 02:27:30 PM	LOGIN LOCKED!	
04/09/15 02:27:30 PM	LOGIN LOCKED!	
04/09/15 02:27:30 PM	LOGIN LOCKED!	
04/09/15 02:27:30 PM	LOGIN LOCKED!	
04/09/15 02:27:30 PM	LOGIN LOCKED!	
04/09/15 02:27:30 PM	LOGIN LOCKED!	
04/09/15 02:27:30 PM	LOGIN LOCKED!	
04/09/15 02:27:30 PM	LOGIN LOCKED!	
04/09/15 02:27:30 PM	LOGIN LOCKED!	
04/09/15 02:27:30 PM	LOGIN LOCKED!	
04/09/15 02:27:30 PM	LOGIN LOCKED!	
04/09/15 02:27:30 PM	LOGIN LOCKED!	
04/09/15 02:27:31 PM	LOGIN LOCKED!	
04/09/15 02:27:31 PM	LOGIN LOCKED!	
04/09/15 02:27:31 PM	LOGIN LOCKED!	
04/09/15 02:27:31 PM	LOGIN LOCKED!	
04/09/15 02:27:31 PM	LOGIN LOCKED!	
04/09/15 02:27:31 PM	LOGIN LOCKED!	
04/09/15 02:27:31 PM	LOGIN LOCKED!	
04/09/15 02:27:31 PM	LOGIN LOCKED!	
04/09/15 02:27:31 PM	LOGIN LOCKED!	
04/09/15 02:27:31 PM	LOGIN LOCKED!	
04/09/15 02:27:31 PM	LOGIN LOCKED!	
04/09/15 02:27:31 PM	LOGIN LOCKED!	
04/09/15 02:27:31 PM	LOGIN LOCKED!	
04/09/15 02:27:31 PM	LOGIN LOCKED!	
04/09/15 02:27:31 PM	LOGIN LOCKED!	
04/09/15 02:27:31 PM	LOGIN LOCKED!	
04/09/15 02:27:31 PM	LOGIN LOCKED!	
04/09/15 02:27:31 PM	LOGIN LOCKED!	
04/09/15 02:27:31 PM	LOGIN LOCKED!	
04/09/15 02:27:31 PM	LOGIN LOCKED!	
04/09/15 02:27:31 PM	LOGIN LOCKED!	
04/09/15 02:27:31 PM	LOGIN LOCKED!	
04/09/15 02:27:31 PM	LOGIN LOCKED!	
04/09/15 02:27:31 PM	LOGIN LOCKED!	
04/09/15 02:27:31 PM	LOGIN LOCKED!	
04/09/15 02:27:31 PM	LOGIN LOCKED!	
04/09/15 02:27:31 PM	LOGIN LOCKED!	
04/09/15 02:27:31 PM	LOGIN LOCKED!	
04/09/15 02:27:31 PM	LOGIN LOCKED!	
04/09/15 02:27:31 PM	LOGIN LOCKED!	
04/09/15 02:27:31 PM	LOGIN LOCKED!	
04/09/15 02:27:31 PM	LOGIN LOCKED!	
04/09/15 02:27:31 PM	LOGIN LOCKED!	
04/09/15 02:27:31 PM	LOGIN LOCKED!	
04/09/15 02:27:31 PM	LOGIN LOCKED!	
04/09/15 02:27:31 PM	LOGIN LOCKED!	
04/09/15 02:27:31 PM	LOGIN LOCKED!	
04/09/15 02:27:31 PM	LOGIN LOCKED!	
04/09/15 02:27:31 PM	LOGIN LOCKED!	
04/09/15 02:27:31 PM	LOGIN LOCKED!	
04/09/15 02:27:31 PM	LOGIN LOCKED!	
04/09/15 02:27:31 PM	LOGIN LOCKED!	
04/09/15 02:27:31 PM	LOGIN LOCKED!	
04/09/15 02:27:31 PM	LOGIN LOCKED!	
04/09/15 02:27:31 PM	LOGIN LOCKED!	
04/09/15 02:27:31 PM	LOGIN LOCKED!	
04/09/15 02:27:32 PM	LOGIN LOCKED!	
04/09/15 02:27:32 PM	LOGIN LOCKED!	
04/09/15 02:27:32 PM	LOGIN LOCKED!	
04/09/15 02:27:32 PM	LOGIN LOCKED!	
04/09/15 02:27:32 PM	LOGIN LOCKED!	
04/09/15 02:27:32 PM	LOGIN LOCKED!	
04/09/15 02:27:32 PM	LOGIN LOCKED!	
04/09/15 02:27:32 PM	LOGIN LOCKED!	
04/09/15 02:27:32 PM	LOGIN LOCKED!	
04/09/15 02:27:32 PM	LOGIN LOCKED!	
04/09/15 02:27:32 PM	LOGIN LOCKED!	
04/09/15 02:27:32 PM	LOGIN LOCKED!	
04/09/15 02:27:32 PM	LOGIN LOCKED!	
04/09/15 02:27:32 PM	LOGIN LOCKED!	
04/09/15 02:27:32 PM	LOGIN LOCKED!	
04/09/15 02:27:32 PM	LOGIN LOCKED!	
04/09/15 02:27:32 PM	LOGIN LOCKED!	
04/09/15 02:27:32 PM	LOGIN LOCKED!	
04/09/15 02:27:32 PM	LOGIN LOCKED!	
04/09/15 02:27:32 PM	LOGIN LOCKED!	
04/09/15 02:27:32 PM	LOGIN LOCKED!	
04/09/15 02:27:32 PM	LOGIN LOCKED!	
04/09/15 02:27:32 PM	LOGIN LOCKED!	
04/09/15 02:27:32 PM	LOGIN LOCKED!	
04/09/15 02:27:32 PM	LOGIN LOCKED!	
04/09/15 02:27:32 PM	LOGIN LOCKED!	
04/09/15 02:27:32 PM	LOGIN LOCKED!	
04/09/15 02:27:32 PM	LOGIN LOCKED!	
04/09/15 02:27:32 PM	LOGIN LOCKED!	
04/09/15 02:27:32 PM	LOGIN LOCKED!	
04/09/15 02:27:32 PM	LOGIN LOCKED!	
04/09/15 02:27:32 PM	LOGIN LOCKED!	
04/09/15 02:27:32 PM	LOGIN LOCKED!	
04/09/15 02:27:32 PM	LOGIN LOCKED!	
04/09/15 02:27:32 PM	LOGIN LOCKED!	
04/09/15 02:27:32 PM	LOGIN LOCKED!	
04/09/15 02:27:32 PM	LOGIN LOCKED!	
04/09/15 02:27:32 PM	LOGIN LOCKED!	
04/09/15 02:27:32 PM	LOGIN LOCKED!	
04/09/15 02:27:32 PM	LOGIN LOCKED!	
04/09/15 02:27:32 PM	LOGIN LOCKED!	
04/09/15 02:27:32 PM	LOGIN LOCKED!	
04/09/15 02:27:32 PM	LOGIN LOCKED!	
04/09/15 02:27:32 PM	LOGIN LOCKED!	
04/09/15 02:27:32 PM	LOGIN LOCKED!	
04/09/15 02:27:32 PM	LOGIN LOCKED!	
04/09/15 02:27:32 PM	LOGIN LOCKED!	
04/09/15 02:27:32 PM	LOGIN LOCKED!	
04/09/15 02:27:33 PM	LOGIN LOCKED!	
04/09/15 02:27:33 PM	LOGIN LOCKED!	
04/09/15 02:27:33 PM	LOGIN LOCKED!	
04/09/15 02:27:33 PM	LOGIN LOCKED!	
04/09/15 02:27:33 PM	LOGIN LOCKED!	
04/09/15 02:27:33 PM	LOGIN LOCKED!	
04/09/15 02:27:33 PM	LOGIN LOCKED!	
04/09/15 02:27:33 PM	LOGIN LOCKED!	
04/09/15 02:27:33 PM	LOGIN LOCKED!	
04/09/15 02:27:33 PM	LOGIN LOCKED!	
04/09/15 02:27:33 PM	LOGIN LOCKED!	
04/09/15 02:27:33 PM	LOGIN LOCKED!	
04/09/15 02:27:33 PM	LOGIN LOCKED!	
04/09/15 02:27:33 PM	LOGIN LOCKED!	
04/09/15 02:27:33 PM	LOGIN LOCKED!	
04/09/15 02:27:33 PM	LOGIN LOCKED!	
04/09/15 02:27:33 PM	LOGIN LOCKED!	
04/09/15 02:27:33 PM	LOGIN LOCKED!	
04/09/15 02:27:33 PM	LOGIN LOCKED!	
04/09/15 02:27:33 PM	LOGIN LOCKED!	
04/09/15 02:27:33 PM	LOGIN LOCKED!	
04/09/15 02:27:33 PM	LOGIN LOCKED!	
04/09/15 02:27:33 PM	LOGIN LOCKED!	
04/09/15 02:27:33 PM	LOGIN LOCKED!	
04/09/15 02:27:33 PM	LOGIN LOCKED!	
04/09/15 02:27:33 PM	LOGIN LOCKED!	
04/09/15 02:27:33 PM	LOGIN LOCKED!	
04/09/15 02:27:33 PM	LOGIN LOCKED!	
04/09/15 02:27:33 PM	LOGIN LOCKED!	
04/09/15 02:27:33 PM	LOGIN LOCKED!	
04/09/15 02:27:33 PM	LOGIN LOCKED!	
04/09/15 02:27:33 PM	LOGIN LOCKED!	
04/09/15 02:27:33 PM	LOGIN LOCKED!	
04/09/15 02:27:33 PM	LOGIN LOCKED!	
04/09/15 02:27:33 PM	LOGIN LOCKED!	
04/09/15 02:27:33 PM	LOGIN LOCKED!	
04/09/15 02:27:33 PM	LOGIN LOCKED!	
04/09/15 02:27:33 PM	LOGIN LOCKED!	
04/09/15 02:27:33 PM	LOGIN LOCKED!	
04/09/15 02:27:33 PM	LOGIN LOCKED!	
04/09/15 02:27:33 PM	LOGIN LOCKED!	
04/09/15 02:27:33 PM	LOGIN LOCKED!	
04/09/15 02:27:33 PM	LOGIN LOCKED!	
04/09/15 02:27:33 PM	LOGIN LOCKED!	
04/09/15 02:27:33 PM	LOGIN LOCKED!	
04/09/15 02:27:33 PM	LOGIN LOCKED!	
04/09/15 02:27:33 PM	LOGIN LOCKED!	
04/09/15 02:27:33 PM	LOGIN LOCKED!	
04/09/15 02:27:34 PM	LOGIN LOCKED!	
04/09/15 02:27:34 PM	LOGIN LOCKED!	
04/09/15 02:27:34 PM	LOGIN LOCKED!	
04/09/15 02:27:34 PM	LOGIN LOCKED!	
04/09/15 02:27:34 PM	LOGIN LOCKED!	
04/09/15 02:27:34 PM	LOGIN LOCKED!	
04/09/15 02:27:34 PM	LOGIN LOCKED!	
04/09/15 02:27:34 PM	LOGIN LOCKED!	
04/09/15 02:27:34 PM	LOGIN LOCKED!	
04/09/15 02:27:34 PM	LOGIN LOCKED!	
04/09/15 02:27:34 PM	LOGIN LOCKED!	
04/09/15 02:27:34 PM	LOGIN LOCKED!	
04/09/15 02:27:34 PM	LOGIN LOCKED!	
04/09/15 02:27:34 PM	LOGIN LOCKED!	
04/09/15 02:27:34 PM	LOGIN LOCKED!	
04/09/15 02:27:34 PM	LOGIN LOCKED!	
04/09/15 02:27:34 PM	LOGIN LOCKED!	
04/09/15 02:27:34 PM	LOGIN LOCKED!	
04/09/15 02:27:34 PM	LOGIN LOCKED!	
04/09/15 02:27:34 PM	LOGIN LOCKED!	
04/09/15 02:27:34 PM	LOGIN LOCKED!	
04/09/15 02:27:34 PM	LOGIN LOCKED!	
04/09/15 02:27:34 PM	LOGIN LOCKED!	
04/09/15 02:27:34 PM	LOGIN LOCKED!	
04/09/15 02:27:34 PM	LOGIN LOCKED!	
04/09/15 02:27:34 PM	LOGIN LOCKED!	
04/09/15 02:27:34 PM	LOGIN LOCKED!	
04/09/15 02:27:34 PM	LOGIN LOCKED!	
04/09/15 02:27:34 PM	LOGIN LOCKED!	
04/09/15 02:27:34 PM	LOGIN LOCKED!	
04/09/15 02:27:34 PM	LOGIN LOCKED!	
04/09/15 02:27:34 PM	LOGIN LOCKED!	
04/09/15 02:27:34 PM	LOGIN LOCKED!	
04/09/15 02:27:34 PM	LOGIN LOCKED!	
04/09/15 02:27:34 PM	LOGIN LOCKED!	
04/09/15 02:27:34 PM	LOGIN LOCKED!	
04/09/15 02:27:34 PM	LOGIN LOCKED!	
04/09/15 02:27:34 PM	LOGIN LOCKED!	
04/09/15 02:27:34 PM	LOGIN LOCKED!	
04/09/15 02:27:34 PM	LOGIN LOCKED!	
04/09/15 02:27:34 PM	LOGIN LOCKED!	
04/09/15 02:27:34 PM	LOGIN LOCKED!	
04/09/15 02:27:34 PM	LOGIN LOCKED!	
04/09/15 02:27:34 PM	LOGIN LOCKED!	
04/09/15 02:27:34 PM	LOGIN LOCKED!	
04/09/15 02:27:34 PM	LOGIN LOCKED!	
04/09/15 02:27:35 PM	LOGIN LOCKED!	
04/09/15 02:27:35 PM	LOGIN LOCKED!	
04/09/15 02:27:35 PM	LOGIN LOCKED!	
04/09/15 02:27:35 PM	LOGIN LOCKED!	
04/09/15 02:27:35 PM	LOGIN LOCKED!	
04/09/15 02:27:35 PM	LOGIN LOCKED!	
04/09/15 02:27:35 PM	LOGIN LOCKED!	
04/09/15 02:27:35 PM	LOGIN LOCKED!	
04/09/15 02:27:35 PM	LOGIN LOCKED!	
04/09/15 02:27:35 PM	LOGIN LOCKED!	
04/09/15 02:27:35 PM	LOGIN LOCKED!	
04/09/15 02:27:35 PM	LOGIN LOCKED!	
04/09/15 02:27:35 PM	LOGIN LOCKED!	
04/09/15 02:27:35 PM	LOGIN LOCKED!	
04/09/15 02:27:35 PM	LOGIN LOCKED!	
04/09/15 02:27:35 PM	LOGIN LOCKED!	
04/09/15 02:27:35 PM	LOGIN LOCKED!	
04/09/15 02:27:35 PM	LOGIN LOCKED!	
04/09/15 02:27:35 PM	LOGIN LOCKED!	
04/09/15 02:27:35 PM	LOGIN LOCKED!	
04/09/15 02:27:35 PM	LOGIN LOCKED!	
04/09/15 02:27:35 PM	LOGIN LOCKED!	
04/09/15 02:27:35 PM	LOGIN LOCKED!	
04/09/15 02:27:35 PM	LOGIN LOCKED!	
04/09/15 02:27:35 PM	LOGIN LOCKED!	
04/09/15 02:27:35 PM	LOGIN LOCKED!	
04/09/15 02:27:35 PM	LOGIN LOCKED!	
04/09/15 02:27:35 PM	LOGIN LOCKED!	
04/09/15 02:27:35 PM	LOGIN LOCKED!	
04/09/15 02:27:35 PM	LOGIN LOCKED!	
04/09/15 02:27:35 PM	LOGIN LOCKED!	
04/09/15 02:27:35 PM	LOGIN LOCKED!	
04/09/15 02:27:35 PM	LOGIN LOCKED!	
04/09/15 02:27:35 PM	LOGIN LOCKED!	
04/09/15 02:27:35 PM	LOGIN LOCKED!	
04/09/15 02:27:35 PM	LOGIN LOCKED!	
04/09/15 02:27:35 PM	LOGIN LOCKED!	
04/09/15 02:27:35 PM	LOGIN LOCKED!	
04/09/15 02:27:35 PM	LOGIN LOCKED!	
04/09/15 02:27:35 PM	LOGIN LOCKED!	
04/09/15 02:27:35 PM	LOGIN LOCKED!	
04/09/15 02:27:35 PM	LOGIN LOCKED!	
04/09/15 02:27:35 PM	LOGIN LOCKED!	
04/09/15 02:27:35 PM	LOGIN LOCKED!	
04/09/15 02:27:35 PM	LOGIN LOCKED!	
04/09/15 02:27:35 PM	LOGIN LOCKED!	
04/09/15 02:27:35 PM	LOGIN LOCKED!	
04/09/15 02:27:35 PM	LOGIN LOCKED!	
04/09/15 02:27:36 PM	LOGIN LOCKED!	
04/09/15 02:27:36 PM	LOGIN LOCKED!	
04/09/15 02:27:36 PM	LOGIN LOCKED!	
04/09/15 02:27:36 PM	LOGIN LOCKED!	
04/09/15 02:27:36 PM	LOGIN LOCKED!	
04/09/15 02:27:36 PM	LOGIN LOCKED!	
04/09/15 02:27:36 PM	LOGIN LOCKED!	
04/09/15 02:27:36 PM	LOGIN LOCKED!	
04/09/15 02:27:36 PM	LOGIN LOCKED!	
04/09/15 02:27:36 PM	LOGIN LOCKED!	
04/09/15 02:27:36 PM	LOGIN LOCKED!	
04/09/15 02:27:36 PM	LOGIN LOCKED!	
04/09/15 02:27:36 PM	LOGIN LOCKED!	
04/09/15 02:27:36 PM	LOGIN LOCKED!	
04/09/15 02:27:36 PM	LOGIN LOCKED!	
04/09/15 02:27:36 PM	LOGIN LOCKED!	
04/09/15 02:27:36 PM	LOGIN LOCKED!	
04/09/15 02:27:36 PM	LOGIN LOCKED!	
04/09/15 02:27:36 PM	LOGIN LOCKED!	
04/09/15 02:27:36 PM	LOGIN LOCKED!	
04/09/15 02:27:36 PM	LOGIN LOCKED!	
04/09/15 02:27:36 PM	LOGIN LOCKED!	
04/09/15 02:27:36 PM	LOGIN LOCKED!	
04/09/15 02:27:36 PM	LOGIN LOCKED!	
04/09/15 02:27:36 PM	LOGIN LOCKED!	
04/09/15 02:27:36 PM	LOGIN LOCKED!	
04/09/15 02:27:36 PM	LOGIN LOCKED!	
04/09/15 02:27:36 PM	LOGIN LOCKED!	
04/09/15 02:27:36 PM	LOGIN LOCKED!	
04/09/15 02:27:36 PM	LOGIN LOCKED!	
04/09/15 02:27:36 PM	LOGIN LOCKED!	
04/09/15 02:27:36 PM	LOGIN LOCKED!	
04/09/15 02:27:36 PM	LOGIN LOCKED!	
04/09/15 02:27:36 PM	LOGIN LOCKED!	
04/09/15 02:27:36 PM	LOGIN LOCKED!	
04/09/15 02:27:36 PM	LOGIN LOCKED!	
04/09/15 02:27:36 PM	LOGIN LOCKED!	
04/09/15 02:27:36 PM	LOGIN LOCKED!	
04/09/15 02:27:36 PM	LOGIN LOCKED!	
04/09/15 02:27:36 PM	LOGIN LOCKED!	
04/09/15 02:27:36 PM	LOGIN LOCKED!	
04/09/15 02:27:36 PM	LOGIN LOCKED!	
04/09/15 02:27:36 PM	LOGIN LOCKED!	
04/09/15 02:27:36 PM	LOGIN LOCKED!	
04/09/15 02:27:36 PM	LOGIN LOCKED!	
04/09/15 02:27:36 PM	LOGIN LOCKED!	
04/09/15 02:27:36 PM	LOGIN LOCKED!	
04/09/15 02:27:36 PM	LOGIN LOCKED!	
04/09/15 02:27:36 PM	LOGIN LOCKED!	
04/09/15 02:27:37 PM	LOGIN LOCKED!	
04/09/15 02:27:37 PM	LOGIN LOCKED!	
04/09/15 02:27:37 PM	LOGIN LOCKED!	
04/09/15 02:27:37 PM	LOGIN LOCKED!	
04/09/15 02:27:37 PM	LOGIN LOCKED!	
04/09/15 02:27:37 PM	LOGIN LOCKED!	
04/09/15 02:27:37 PM	LOGIN LOCKED!	
04/09/15 02:27:37 PM	LOGIN LOCKED!	
04/09/15 02:27:37 PM	LOGIN LOCKED!	
04/09/15 02:27:37 PM	LOGIN LOCKED!	
04/09/15 02:27:37 PM	LOGIN LOCKED!	
04/09/15 02:27:37 PM	LOGIN LOCKED!	
04/09/15 02:27:37 PM	LOGIN LOCKED!	
04/09/15 02:27:37 PM	LOGIN LOCKED!	
04/09/15 02:27:37 PM	LOGIN LOCKED!	
04/09/15 02:27:37 PM	LOGIN LOCKED!	
04/09/15 02:27:37 PM	LOGIN LOCKED!	
04/09/15 02:27:37 PM	LOGIN LOCKED!	
04/09/15 02:27:37 PM	LOGIN LOCKED!	
04/09/15 02:27:37 PM	LOGIN LOCKED!	
04/09/15 02:27:37 PM	LOGIN LOCKED!	
04/09/15 02:27:37 PM	LOGIN LOCKED!	
04/09/15 02:27:37 PM	LOGIN LOCKED!	
04/09/15 02:27:37 PM	LOGIN LOCKED!	
04/09/15 02:27:37 PM	LOGIN LOCKED!	
04/09/15 02:27:37 PM	LOGIN LOCKED!	
04/09/15 02:27:37 PM	LOGIN LOCKED!	
04/09/15 02:27:37 PM	LOGIN LOCKED!	
04/09/15 02:27:37 PM	LOGIN LOCKED!	
04/09/15 02:27:37 PM	LOGIN LOCKED!	
04/09/15 02:27:37 PM	LOGIN LOCKED!	
04/09/15 02:27:37 PM	LOGIN LOCKED!	
04/09/15 02:27:37 PM	LOGIN LOCKED!	
04/09/15 02:27:37 PM	LOGIN LOCKED!	
04/09/15 02:27:37 PM	LOGIN LOCKED!	
04/09/15 02:27:37 PM	LOGIN LOCKED!	
04/09/15 02:27:37 PM	LOGIN LOCKED!	
04/09/15 02:27:37 PM	LOGIN LOCKED!	
04/09/15 02:27:37 PM	LOGIN LOCKED!	
04/09/15 02:27:37 PM	LOGIN LOCKED!	
04/09/15 02:27:37 PM	LOGIN LOCKED!	
04/09/15 02:27:37 PM	LOGIN LOCKED!	
04/09/15 02:27:37 PM	LOGIN LOCKED!	
04/09/15 02:27:37 PM	LOGIN LOCKED!	
04/09/15 02:27:37 PM	LOGIN LOCKED!	
04/09/15 02:27:37 PM	LOGIN LOCKED!	
04/09/15 02:27:37 PM	LOGIN LOCKED!	
04/09/15 02:27:37 PM	LOGIN LOCKED!	
04/09/15 02:27:38 PM	LOGIN LOCKED!	
04/09/15 02:27:38 PM	LOGIN LOCKED!	
04/09/15 02:27:38 PM	LOGIN LOCKED!	
04/09/15 02:27:38 PM	LOGIN LOCKED!	
04/09/15 02:27:38 PM	LOGIN LOCKED!	
04/09/15 02:27:38 PM	LOGIN LOCKED!	
04/09/15 02:27:38 PM	LOGIN LOCKED!	
04/09/15 02:27:38 PM	LOGIN LOCKED!	
04/09/15 02:27:38 PM	LOGIN LOCKED!	
04/09/15 02:27:38 PM	LOGIN LOCKED!	
04/09/15 02:27:38 PM	LOGIN LOCKED!	
04/09/15 02:27:38 PM	LOGIN LOCKED!	
04/09/15 02:27:38 PM	LOGIN LOCKED!	
04/09/15 02:27:38 PM	LOGIN LOCKED!	
04/09/15 02:27:38 PM	LOGIN LOCKED!	
04/09/15 02:27:38 PM	LOGIN LOCKED!	
04/09/15 02:27:38 PM	LOGIN LOCKED!	
04/09/15 02:27:38 PM	LOGIN LOCKED!	
04/09/15 02:27:38 PM	LOGIN LOCKED!	
04/09/15 02:27:38 PM	LOGIN LOCKED!	
04/09/15 02:27:38 PM	LOGIN LOCKED!	
04/09/15 02:27:38 PM	LOGIN LOCKED!	
04/09/15 02:27:38 PM	LOGIN LOCKED!	
04/09/15 02:27:38 PM	LOGIN LOCKED!	
04/09/15 02:27:38 PM	LOGIN LOCKED!	
04/09/15 02:27:38 PM	LOGIN LOCKED!	
04/09/15 02:27:38 PM	LOGIN LOCKED!	
04/09/15 02:27:38 PM	LOGIN LOCKED!	
04/09/15 02:27:38 PM	LOGIN LOCKED!	
04/09/15 02:27:38 PM	LOGIN LOCKED!	
04/09/15 02:27:38 PM	LOGIN LOCKED!	
04/09/15 02:27:38 PM	LOGIN LOCKED!	
04/09/15 02:27:38 PM	LOGIN LOCKED!	
04/09/15 02:27:38 PM	LOGIN LOCKED!	
04/09/15 02:27:38 PM	LOGIN LOCKED!	
04/09/15 02:27:38 PM	LOGIN LOCKED!	
04/09/15 02:27:38 PM	LOGIN LOCKED!	
04/09/15 02:27:38 PM	LOGIN LOCKED!	
04/09/15 02:27:38 PM	LOGIN LOCKED!	
04/09/15 02:27:38 PM	LOGIN LOCKED!	
04/09/15 02:27:38 PM	LOGIN LOCKED!	
04/09/15 02:27:38 PM	LOGIN LOCKED!	
04/09/15 02:27:38 PM	LOGIN LOCKED!	
04/09/15 02:27:38 PM	LOGIN LOCKED!	
04/09/15 02:27:38 PM	LOGIN LOCKED!	
04/09/15 02:27:38 PM	LOGIN LOCKED!	
04/09/15 02:27:38 PM	LOGIN LOCKED!	
04/09/15 02:27:38 PM	LOGIN LOCKED!	
04/09/15 02:27:38 PM	LOGIN LOCKED!	
04/09/15 02:27:39 PM	LOGIN LOCKED!	
04/09/15 02:27:39 PM	LOGIN LOCKED!	
04/09/15 02:27:39 PM	LOGIN LOCKED!	
04/09/15 02:27:39 PM	LOGIN LOCKED!	
04/09/15 02:27:39 PM	LOGIN LOCKED!	
04/09/15 02:27:39 PM	LOGIN LOCKED!	
04/09/15 02:27:39 PM	LOGIN LOCKED!	
04/09/15 02:27:39 PM	LOGIN LOCKED!	
04/09/15 02:27:39 PM	LOGIN LOCKED!	
04/09/15 02:27:39 PM	LOGIN LOCKED!	
04/09/15 02:27:39 PM	LOGIN LOCKED!	
04/09/15 02:27:39 PM	LOGIN LOCKED!	
04/09/15 02:27:39 PM	LOGIN LOCKED!	
04/09/15 02:27:39 PM	LOGIN LOCKED!	
04/09/15 02:27:39 PM	LOGIN LOCKED!	
04/09/15 02:27:39 PM	LOGIN LOCKED!	
04/09/15 02:27:39 PM	LOGIN LOCKED!	
04/09/15 02:27:39 PM	LOGIN LOCKED!	
04/09/15 02:27:39 PM	LOGIN LOCKED!	
04/09/15 02:27:39 PM	LOGIN LOCKED!	
04/09/15 02:27:39 PM	LOGIN LOCKED!	
04/09/15 02:27:39 PM	LOGIN LOCKED!	
04/09/15 02:27:39 PM	LOGIN LOCKED!	
04/09/15 02:27:39 PM	LOGIN LOCKED!	
04/09/15 02:27:39 PM	LOGIN LOCKED!	
04/09/15 02:27:39 PM	LOGIN LOCKED!	
04/09/15 02:27:39 PM	LOGIN LOCKED!	
04/09/15 02:27:39 PM	LOGIN LOCKED!	
04/09/15 02:27:39 PM	LOGIN LOCKED!	
04/09/15 02:27:39 PM	LOGIN LOCKED!	
04/09/15 02:27:39 PM	LOGIN LOCKED!	
04/09/15 02:27:39 PM	LOGIN LOCKED!	
04/09/15 02:27:39 PM	LOGIN LOCKED!	
04/09/15 02:27:39 PM	LOGIN LOCKED!	
04/09/15 02:27:39 PM	LOGIN LOCKED!	
04/09/15 02:27:39 PM	LOGIN LOCKED!	
04/09/15 02:27:39 PM	LOGIN LOCKED!	
04/09/15 02:27:39 PM	LOGIN LOCKED!	
04/09/15 02:27:39 PM	LOGIN LOCKED!	
04/09/15 02:27:39 PM	LOGIN LOCKED!	
04/09/15 02:27:39 PM	LOGIN LOCKED!	
04/09/15 02:27:39 PM	LOGIN LOCKED!	
04/09/15 02:27:39 PM	LOGIN LOCKED!	
04/09/15 02:27:39 PM	LOGIN LOCKED!	
04/09/15 02:27:39 PM	LOGIN LOCKED!	
04/09/15 02:27:39 PM	LOGIN LOCKED!	
04/09/15 02:27:40 PM	LOGIN LOCKED!	
04/09/15 02:27:40 PM	LOGIN LOCKED!	
04/09/15 02:27:40 PM	LOGIN LOCKED!	
04/09/15 02:27:40 PM	LOGIN LOCKED!	
04/09/15 02:27:40 PM	LOGIN LOCKED!	
04/09/15 02:27:40 PM	LOGIN LOCKED!	
04/09/15 02:27:40 PM	LOGIN LOCKED!	
04/09/15 02:27:40 PM	LOGIN LOCKED!	
04/09/15 02:27:40 PM	LOGIN LOCKED!	
04/09/15 02:27:40 PM	LOGIN LOCKED!	
04/09/15 02:27:40 PM	LOGIN LOCKED!	
04/09/15 02:27:40 PM	LOGIN LOCKED!	
04/09/15 02:27:40 PM	LOGIN LOCKED!	
04/09/15 02:27:40 PM	LOGIN LOCKED!	
04/09/15 02:27:40 PM	LOGIN LOCKED!	
04/09/15 02:27:40 PM	LOGIN LOCKED!	
04/09/15 02:27:40 PM	LOGIN LOCKED!	
04/09/15 02:27:40 PM	LOGIN LOCKED!	
04/09/15 02:27:40 PM	LOGIN LOCKED!	
04/09/15 02:27:40 PM	LOGIN LOCKED!	
04/09/15 02:27:40 PM	LOGIN LOCKED!	
04/09/15 02:27:40 PM	LOGIN LOCKED!	
04/09/15 02:27:40 PM	LOGIN LOCKED!	
04/09/15 02:27:40 PM	LOGIN LOCKED!	
04/09/15 02:27:40 PM	LOGIN LOCKED!	
04/09/15 02:27:40 PM	LOGIN LOCKED!	
04/09/15 02:27:40 PM	LOGIN LOCKED!	
04/09/15 02:27:40 PM	LOGIN LOCKED!	
04/09/15 02:27:40 PM	LOGIN LOCKED!	
04/09/15 02:27:40 PM	LOGIN LOCKED!	
04/09/15 02:27:40 PM	LOGIN LOCKED!	
04/09/15 02:27:40 PM	LOGIN LOCKED!	
04/09/15 02:27:40 PM	LOGIN LOCKED!	
04/09/15 02:27:40 PM	LOGIN LOCKED!	
04/09/15 02:27:40 PM	LOGIN LOCKED!	
04/09/15 02:27:40 PM	LOGIN LOCKED!	
04/09/15 02:27:40 PM	LOGIN LOCKED!	
04/09/15 02:27:40 PM	LOGIN LOCKED!	
04/09/15 02:27:40 PM	LOGIN LOCKED!	
04/09/15 02:27:40 PM	LOGIN LOCKED!	
04/09/15 02:27:40 PM	LOGIN LOCKED!	
04/09/15 02:27:40 PM	LOGIN LOCKED!	
04/09/15 02:27:40 PM	LOGIN LOCKED!	
04/09/15 02:27:40 PM	LOGIN LOCKED!	
04/09/15 02:27:40 PM	LOGIN LOCKED!	
04/09/15 02:27:40 PM	LOGIN LOCKED!	
04/09/15 02:27:40 PM	LOGIN LOCKED!	
04/09/15 02:27:40 PM	LOGIN LOCKED!	
04/09/15 02:27:40 PM	LOGIN LOCKED!	
04/09/15 02:27:41 PM	LOGIN LOCKED!	
04/09/15 02:27:41 PM	LOGIN LOCKED!	
04/09/15 02:27:41 PM	LOGIN LOCKED!	
04/09/15 02:27:41 PM	LOGIN LOCKED!	
04/09/15 02:27:41 PM	LOGIN LOCKED!	
04/09/15 02:27:41 PM	LOGIN LOCKED!	
04/09/15 02:27:41 PM	LOGIN LOCKED!	
04/09/15 02:27:41 PM	LOGIN LOCKED!	
04/09/15 02:27:41 PM	LOGIN LOCKED!	
04/09/15 02:27:41 PM	LOGIN LOCKED!	
04/09/15 02:27:41 PM	LOGIN LOCKED!	
04/09/15 02:27:41 PM	LOGIN LOCKED!	
04/09/15 02:27:41 PM	LOGIN LOCKED!	
04/09/15 02:27:41 PM	LOGIN LOCKED!	
04/09/15 02:27:41 PM	LOGIN LOCKED!	
04/09/15 02:27:41 PM	LOGIN LOCKED!	
04/09/15 02:27:41 PM	LOGIN LOCKED!	
04/09/15 02:27:41 PM	LOGIN LOCKED!	
04/09/15 02:27:41 PM	LOGIN LOCKED!	
04/09/15 02:27:41 PM	LOGIN LOCKED!	
04/09/15 02:27:41 PM	LOGIN LOCKED!	
04/09/15 02:27:41 PM	LOGIN LOCKED!	
04/09/15 02:27:41 PM	LOGIN LOCKED!	
04/09/15 02:27:41 PM	LOGIN LOCKED!	
04/09/15 02:27:41 PM	LOGIN LOCKED!	
04/09/15 02:27:41 PM	LOGIN LOCKED!	
04/09/15 02:27:41 PM	LOGIN LOCKED!	
04/09/15 02:27:41 PM	LOGIN LOCKED!	
04/09/15 02:27:41 PM	LOGIN LOCKED!	
04/09/15 02:27:41 PM	LOGIN LOCKED!	
04/09/15 02:27:41 PM	LOGIN LOCKED!	
04/09/15 02:27:41 PM	LOGIN LOCKED!	
04/09/15 02:27:41 PM	LOGIN LOCKED!	
04/09/15 02:27:41 PM	LOGIN LOCKED!	
04/09/15 02:27:41 PM	LOGIN LOCKED!	
04/09/15 02:27:41 PM	LOGIN LOCKED!	
04/09/15 02:27:41 PM	LOGIN LOCKED!	
04/09/15 02:27:41 PM	LOGIN LOCKED!	
04/09/15 02:27:41 PM	LOGIN LOCKED!	
04/09/15 02:27:41 PM	LOGIN LOCKED!	
04/09/15 02:27:41 PM	LOGIN LOCKED!	
04/09/15 02:27:41 PM	LOGIN LOCKED!	
04/09/15 02:27:41 PM	LOGIN LOCKED!	
04/09/15 02:27:41 PM	LOGIN LOCKED!	
04/09/15 02:27:41 PM	LOGIN LOCKED!	
04/09/15 02:27:41 PM	LOGIN LOCKED!	
04/09/15 02:29:06 PM	SMART INITIALIZED.
04/09/15 02:29:06 PM	DB OK		
04/09/15 02:29:20 PM	LOGIN DENIED.	
04/09/15 02:29:20 PM	LOGIN DENIED.	
04/09/15 02:29:20 PM	LOGIN DENIED.	
04/09/15 02:29:20 PM	LOGIN DENIED.	
04/09/15 02:29:20 PM	LOGIN LOCKED!	
04/09/15 02:29:20 PM	LOGIN LOCKED!	
04/09/15 02:29:20 PM	LOGIN LOCKED!	
04/09/15 02:29:20 PM	LOGIN LOCKED!	
04/09/15 02:29:20 PM	LOGIN LOCKED!	
04/09/15 02:29:21 PM	LOGIN LOCKED!	
04/09/15 02:29:21 PM	LOGIN LOCKED!	
04/09/15 02:29:21 PM	LOGIN LOCKED!	
04/09/15 02:29:21 PM	LOGIN LOCKED!	
04/09/15 02:29:21 PM	LOGIN LOCKED!	
04/09/15 02:29:21 PM	LOGIN LOCKED!	
04/09/15 02:29:21 PM	LOGIN LOCKED!	
04/09/15 02:29:21 PM	LOGIN LOCKED!	
04/09/15 02:29:21 PM	LOGIN LOCKED!	
04/09/15 02:29:21 PM	LOGIN LOCKED!	
04/09/15 02:29:21 PM	LOGIN LOCKED!	
04/09/15 02:29:21 PM	LOGIN LOCKED!	
04/09/15 02:29:21 PM	LOGIN LOCKED!	
04/09/15 02:29:21 PM	LOGIN LOCKED!	
04/09/15 02:29:21 PM	LOGIN LOCKED!	
04/09/15 02:29:22 PM	LOGIN LOCKED!	
04/09/15 02:29:22 PM	LOGIN LOCKED!	
04/09/15 02:29:22 PM	LOGIN LOCKED!	
04/09/15 02:29:22 PM	LOGIN LOCKED!	
04/09/15 02:29:22 PM	LOGIN LOCKED!	
04/09/15 02:29:22 PM	LOGIN LOCKED!	
04/09/15 02:29:22 PM	LOGIN LOCKED!	
04/09/15 02:29:22 PM	LOGIN LOCKED!	
04/09/15 02:29:22 PM	LOGIN LOCKED!	
04/09/15 02:29:22 PM	LOGIN LOCKED!	
04/09/15 02:29:22 PM	LOGIN LOCKED!	
04/09/15 02:29:22 PM	LOGIN LOCKED!	
04/09/15 02:29:22 PM	LOGIN LOCKED!	
04/09/15 02:29:22 PM	LOGIN LOCKED!	
04/09/15 02:29:22 PM	LOGIN LOCKED!	
04/09/15 02:29:23 PM	LOGIN LOCKED!	
04/09/15 02:29:23 PM	LOGIN LOCKED!	
04/09/15 02:29:23 PM	LOGIN LOCKED!	
04/09/15 02:29:23 PM	LOGIN LOCKED!	
04/09/15 02:29:23 PM	LOGIN LOCKED!	
04/09/15 02:29:23 PM	LOGIN LOCKED!	
04/09/15 02:29:23 PM	LOGIN LOCKED!	
04/09/15 02:29:23 PM	LOGIN LOCKED!	
04/09/15 02:29:23 PM	LOGIN LOCKED!	
04/09/15 02:29:23 PM	LOGIN LOCKED!	
04/09/15 02:29:23 PM	LOGIN LOCKED!	
04/09/15 02:29:23 PM	LOGIN LOCKED!	
04/09/15 02:29:23 PM	LOGIN LOCKED!	
04/09/15 02:29:23 PM	LOGIN LOCKED!	
04/09/15 02:29:23 PM	LOGIN LOCKED!	
04/09/15 02:29:24 PM	LOGIN LOCKED!	
04/09/15 02:29:24 PM	LOGIN LOCKED!	
04/09/15 02:29:24 PM	LOGIN LOCKED!	
04/09/15 02:29:24 PM	LOGIN LOCKED!	
04/09/15 02:29:24 PM	LOGIN LOCKED!	
04/09/15 02:29:24 PM	LOGIN LOCKED!	
04/09/15 02:29:24 PM	LOGIN LOCKED!	
04/09/15 02:29:24 PM	LOGIN LOCKED!	
04/09/15 02:29:24 PM	LOGIN LOCKED!	
04/09/15 02:29:24 PM	LOGIN LOCKED!	
04/09/15 02:29:24 PM	LOGIN LOCKED!	
04/09/15 02:29:24 PM	LOGIN LOCKED!	
04/09/15 02:29:24 PM	LOGIN LOCKED!	
04/09/15 02:29:24 PM	LOGIN LOCKED!	
04/09/15 02:29:24 PM	LOGIN LOCKED!	
04/09/15 02:29:25 PM	LOGIN LOCKED!	
04/09/15 02:29:25 PM	LOGIN LOCKED!	
04/09/15 02:29:25 PM	LOGIN LOCKED!	
04/09/15 02:29:25 PM	LOGIN LOCKED!	
04/09/15 02:29:25 PM	LOGIN LOCKED!	
04/09/15 02:29:25 PM	LOGIN LOCKED!	
04/09/15 02:29:25 PM	LOGIN LOCKED!	
04/09/15 02:29:25 PM	LOGIN LOCKED!	
04/09/15 02:29:25 PM	LOGIN LOCKED!	
04/09/15 02:29:25 PM	LOGIN LOCKED!	
04/09/15 02:29:25 PM	LOGIN LOCKED!	
04/09/15 02:29:25 PM	LOGIN LOCKED!	
04/09/15 02:29:25 PM	LOGIN LOCKED!	
04/09/15 02:29:25 PM	LOGIN LOCKED!	
04/09/15 02:29:25 PM	LOGIN LOCKED!	
04/09/15 02:29:26 PM	LOGIN LOCKED!	
04/09/15 02:29:26 PM	LOGIN LOCKED!	
04/09/15 02:29:26 PM	LOGIN LOCKED!	
04/09/15 02:29:26 PM	LOGIN LOCKED!	
04/09/15 02:29:26 PM	LOGIN LOCKED!	
04/09/15 02:29:26 PM	LOGIN LOCKED!	
04/09/15 02:29:26 PM	LOGIN LOCKED!	
04/09/15 02:29:26 PM	LOGIN LOCKED!	
04/09/15 02:29:26 PM	LOGIN LOCKED!	
04/09/15 02:29:26 PM	LOGIN LOCKED!	
04/09/15 02:29:26 PM	LOGIN LOCKED!	
04/09/15 02:29:26 PM	LOGIN LOCKED!	
04/09/15 02:29:26 PM	LOGIN LOCKED!	
04/09/15 02:29:26 PM	LOGIN LOCKED!	
04/09/15 02:29:26 PM	LOGIN LOCKED!	
04/09/15 02:29:27 PM	LOGIN LOCKED!	
04/09/15 02:29:27 PM	LOGIN LOCKED!	
04/09/15 02:29:27 PM	LOGIN LOCKED!	
04/09/15 02:29:27 PM	LOGIN LOCKED!	
04/09/15 02:29:27 PM	LOGIN LOCKED!	
04/09/15 02:29:27 PM	LOGIN LOCKED!	
04/09/15 02:29:27 PM	LOGIN LOCKED!	
04/09/15 02:29:27 PM	LOGIN LOCKED!	
04/09/15 02:29:27 PM	LOGIN LOCKED!	
04/09/15 02:29:27 PM	LOGIN LOCKED!	
04/09/15 02:29:27 PM	LOGIN LOCKED!	
04/09/15 02:29:27 PM	LOGIN LOCKED!	
04/09/15 02:29:27 PM	LOGIN LOCKED!	
04/09/15 02:29:27 PM	LOGIN LOCKED!	
04/09/15 02:29:27 PM	LOGIN LOCKED!	
04/09/15 02:29:28 PM	LOGIN LOCKED!	
04/09/15 02:29:28 PM	LOGIN LOCKED!	
04/09/15 02:29:28 PM	LOGIN LOCKED!	
04/09/15 02:29:28 PM	LOGIN LOCKED!	
04/09/15 02:29:28 PM	LOGIN LOCKED!	
04/09/15 02:29:28 PM	LOGIN LOCKED!	
04/09/15 02:29:28 PM	LOGIN LOCKED!	
04/09/15 02:29:28 PM	LOGIN LOCKED!	
04/09/15 02:29:28 PM	LOGIN LOCKED!	
04/09/15 02:29:28 PM	LOGIN LOCKED!	
04/09/15 02:29:28 PM	LOGIN LOCKED!	
04/09/15 02:29:28 PM	LOGIN LOCKED!	
04/09/15 02:29:28 PM	LOGIN LOCKED!	
04/09/15 02:29:28 PM	LOGIN LOCKED!	
04/09/15 02:29:28 PM	LOGIN LOCKED!	
04/09/15 02:29:29 PM	LOGIN LOCKED!	
04/09/15 02:29:29 PM	LOGIN LOCKED!	
04/09/15 02:29:29 PM	LOGIN LOCKED!	
04/09/15 02:29:29 PM	LOGIN LOCKED!	
04/09/15 02:29:29 PM	LOGIN LOCKED!	
04/09/15 02:29:29 PM	LOGIN LOCKED!	
04/09/15 02:29:29 PM	LOGIN LOCKED!	
04/09/15 02:29:29 PM	LOGIN LOCKED!	
04/09/15 02:29:29 PM	LOGIN LOCKED!	
04/09/15 02:29:29 PM	LOGIN LOCKED!	
04/09/15 02:29:29 PM	LOGIN LOCKED!	
04/09/15 02:29:29 PM	LOGIN LOCKED!	
04/09/15 02:29:29 PM	LOGIN LOCKED!	
04/09/15 02:29:29 PM	LOGIN LOCKED!	
04/09/15 02:29:29 PM	LOGIN LOCKED!	
04/09/15 02:29:30 PM	LOGIN LOCKED!	
04/09/15 02:29:30 PM	LOGIN LOCKED!	
04/09/15 02:29:30 PM	LOGIN LOCKED!	
04/09/15 02:29:30 PM	LOGIN LOCKED!	
04/09/15 02:29:30 PM	LOGIN LOCKED!	
04/09/15 02:29:30 PM	LOGIN LOCKED!	
04/09/15 02:29:30 PM	LOGIN LOCKED!	
04/09/15 02:29:30 PM	LOGIN LOCKED!	
04/09/15 02:29:30 PM	LOGIN LOCKED!	
04/09/15 02:29:30 PM	LOGIN LOCKED!	
04/09/15 02:29:30 PM	LOGIN LOCKED!	
04/09/15 02:29:30 PM	LOGIN LOCKED!	
04/09/15 02:29:30 PM	LOGIN LOCKED!	
04/09/15 02:29:30 PM	LOGIN LOCKED!	
04/09/15 02:29:30 PM	LOGIN LOCKED!	
04/09/15 02:29:30 PM	LOGIN LOCKED!	
04/09/15 02:29:31 PM	LOGIN LOCKED!	
04/09/15 02:29:31 PM	LOGIN LOCKED!	
04/09/15 02:29:31 PM	LOGIN LOCKED!	
04/09/15 02:29:31 PM	LOGIN LOCKED!	
04/09/15 02:29:31 PM	LOGIN LOCKED!	
04/09/15 02:29:31 PM	LOGIN LOCKED!	
04/09/15 02:29:31 PM	LOGIN LOCKED!	
04/09/15 02:29:31 PM	LOGIN LOCKED!	
04/09/15 02:29:31 PM	LOGIN LOCKED!	
04/09/15 02:29:31 PM	LOGIN LOCKED!	
04/09/15 02:30:02 PM	LOGIN LOCKED!	
04/09/15 02:30:02 PM	LOGIN LOCKED!	
04/09/15 02:30:03 PM	LOGIN LOCKED!	
04/09/15 02:30:03 PM	LOGIN LOCKED!	
04/09/15 02:30:03 PM	LOGIN LOCKED!	
04/09/15 02:30:03 PM	LOGIN LOCKED!	
04/09/15 02:30:03 PM	LOGIN LOCKED!	
04/09/15 02:30:03 PM	LOGIN LOCKED!	
04/09/15 02:30:03 PM	LOGIN LOCKED!	
04/09/15 02:30:03 PM	LOGIN LOCKED!	
04/09/15 02:30:03 PM	LOGIN LOCKED!	
04/09/15 02:30:03 PM	LOGIN LOCKED!	
04/09/15 02:30:03 PM	LOGIN LOCKED!	
04/09/15 02:30:03 PM	LOGIN LOCKED!	
04/09/15 02:30:03 PM	LOGIN LOCKED!	
04/09/15 02:30:03 PM	LOGIN LOCKED!	
04/09/15 02:30:03 PM	LOGIN LOCKED!	
04/09/15 02:30:04 PM	LOGIN LOCKED!	
04/09/15 02:30:04 PM	LOGIN LOCKED!	
04/09/15 02:30:04 PM	LOGIN LOCKED!	
04/09/15 02:30:04 PM	LOGIN LOCKED!	
04/09/15 02:30:04 PM	LOGIN LOCKED!	
04/09/15 02:30:04 PM	LOGIN LOCKED!	
04/09/15 02:30:04 PM	LOGIN LOCKED!	
04/09/15 02:30:04 PM	LOGIN LOCKED!	
04/09/15 02:30:04 PM	LOGIN LOCKED!	
04/09/15 02:30:04 PM	LOGIN LOCKED!	
04/09/15 02:30:04 PM	LOGIN LOCKED!	
04/09/15 02:30:04 PM	LOGIN LOCKED!	
04/09/15 02:30:04 PM	LOGIN LOCKED!	
04/09/15 02:30:04 PM	LOGIN LOCKED!	
04/09/15 02:30:04 PM	LOGIN LOCKED!	
04/09/15 02:30:05 PM	LOGIN LOCKED!	
04/09/15 02:30:05 PM	LOGIN LOCKED!	
04/09/15 02:30:05 PM	LOGIN LOCKED!	
04/09/15 02:30:05 PM	LOGIN LOCKED!	
04/09/15 02:30:05 PM	LOGIN LOCKED!	
04/09/15 02:30:05 PM	LOGIN LOCKED!	
04/09/15 02:30:05 PM	LOGIN LOCKED!	
04/09/15 02:30:05 PM	LOGIN LOCKED!	
04/09/15 02:30:05 PM	LOGIN LOCKED!	
04/09/15 02:30:05 PM	LOGIN LOCKED!	
04/09/15 02:30:05 PM	LOGIN LOCKED!	
04/09/15 02:30:05 PM	LOGIN LOCKED!	
04/09/15 02:30:05 PM	LOGIN LOCKED!	
04/09/15 02:30:05 PM	LOGGED IN.	
04/09/15 02:41:09 PM	SMART INITIALIZED.
04/09/15 02:41:09 PM	DB OK		
04/09/15 02:41:18 PM	LOGIN DENIED.	
04/09/15 02:41:18 PM	LOGIN DENIED.	
04/09/15 02:41:18 PM	LOGIN DENIED.	
04/09/15 02:41:18 PM	LOGIN DENIED.	
04/09/15 02:43:36 PM	SMART INITIALIZED.
04/09/15 02:43:36 PM	DB OK		
04/09/15 02:43:55 PM	LOGIN DENIED.	
04/09/15 02:43:56 PM	LOGIN DENIED.	
04/09/15 02:43:57 PM	LOGIN DENIED.	
04/09/15 02:43:57 PM	LOGIN DENIED.	
04/09/15 02:43:58 PM	LOGIN LOCKED!	
04/09/15 02:43:58 PM	LOGIN LOCKED!	
04/09/15 02:43:59 PM	LOGIN LOCKED!	
04/09/15 02:43:59 PM	LOGIN LOCKED!	
04/09/15 02:44:00 PM	LOGIN LOCKED!	
04/09/15 02:44:00 PM	LOGIN LOCKED!	
04/09/15 02:44:01 PM	LOGIN LOCKED!	
04/09/15 02:44:01 PM	LOGIN LOCKED!	
04/09/15 02:44:02 PM	LOGIN LOCKED!	
04/09/15 02:44:02 PM	LOGIN LOCKED!	
04/09/15 02:44:03 PM	LOGIN LOCKED!	
04/09/15 02:44:03 PM	LOGIN LOCKED!	
04/09/15 02:44:04 PM	LOGIN LOCKED!	
04/09/15 02:44:04 PM	LOGIN LOCKED!	
04/09/15 02:44:05 PM	LOGIN LOCKED!	
04/09/15 02:44:05 PM	LOGIN LOCKED!	
04/09/15 02:44:06 PM	LOGIN LOCKED!	
04/09/15 02:44:06 PM	LOGIN LOCKED!	
04/09/15 02:44:07 PM	LOGIN LOCKED!	
04/09/15 02:44:07 PM	LOGIN LOCKED!	
04/09/15 02:44:08 PM	LOGIN LOCKED!	
04/09/15 02:44:09 PM	LOGIN LOCKED!	
04/09/15 02:44:09 PM	LOGIN LOCKED!	
04/09/15 02:44:10 PM	LOGIN LOCKED!	
04/09/15 02:44:10 PM	LOGIN LOCKED!	
04/09/15 02:44:11 PM	LOGIN LOCKED!	
04/09/15 02:44:11 PM	LOGIN LOCKED!	
04/09/15 02:44:12 PM	LOGIN LOCKED!	
04/09/15 02:44:12 PM	LOGIN LOCKED!	
04/09/15 02:44:13 PM	LOGIN LOCKED!	
04/09/15 02:44:13 PM	LOGIN LOCKED!	
04/09/15 02:44:14 PM	LOGIN LOCKED!	
04/09/15 02:44:14 PM	LOGIN LOCKED!	
04/09/15 02:44:15 PM	LOGIN LOCKED!	
04/09/15 02:44:15 PM	LOGIN LOCKED!	
04/09/15 02:44:16 PM	LOGIN LOCKED!	
04/09/15 02:44:16 PM	LOGIN LOCKED!	
04/09/15 02:44:17 PM	LOGIN LOCKED!	
04/09/15 02:44:17 PM	LOGIN LOCKED!	
04/09/15 02:44:18 PM	LOGIN LOCKED!	
04/09/15 02:44:19 PM	LOGIN LOCKED!	
04/09/15 02:44:19 PM	LOGIN LOCKED!	
04/09/15 02:44:20 PM	LOGIN LOCKED!	
04/09/15 02:44:20 PM	LOGIN LOCKED!	
04/09/15 02:44:21 PM	LOGIN LOCKED!	
04/09/15 02:44:21 PM	LOGIN LOCKED!	
04/09/15 02:45:25 PM	SMART INITIALIZED.
04/09/15 02:45:25 PM	DB OK		
04/09/15 02:45:28 PM	LOGIN DENIED.	
04/09/15 02:45:29 PM	LOGIN DENIED.	
04/09/15 02:45:29 PM	LOGIN DENIED.	
04/09/15 02:45:30 PM	LOGIN DENIED.	
04/09/15 02:46:31 PM	SMART INITIALIZED.
04/09/15 02:46:31 PM	DB OK		
04/09/15 02:46:33 PM	LOGIN DENIED.	
04/09/15 02:46:34 PM	LOGIN DENIED.	
04/09/15 02:46:34 PM	LOGIN DENIED.	
04/09/15 02:46:35 PM	LOGIN DENIED.	
04/09/15 02:47:41 PM	SMART INITIALIZED.
04/09/15 02:47:41 PM	DB OK		
04/09/15 02:47:46 PM	LOGIN DENIED.	
04/09/15 02:47:46 PM	LOGIN DENIED.	
04/09/15 02:47:47 PM	LOGIN DENIED.	
04/09/15 02:47:47 PM	LOGIN DENIED.	
04/09/15 02:47:48 PM	LOGIN LOCKED!	
04/09/15 02:47:48 PM	LOGIN LOCKED!	
04/09/15 02:47:49 PM	LOGIN LOCKED!	
04/09/15 02:47:49 PM	LOGIN LOCKED!	
04/09/15 02:47:50 PM	LOGIN LOCKED!	
04/09/15 02:47:50 PM	LOGIN LOCKED!	
04/09/15 02:47:51 PM	LOGIN LOCKED!	
04/09/15 02:47:51 PM	LOGIN LOCKED!	
04/09/15 02:47:52 PM	LOGIN LOCKED!	
04/09/15 02:47:52 PM	LOGIN LOCKED!	
04/09/15 02:47:53 PM	LOGIN LOCKED!	
04/09/15 02:47:54 PM	LOGIN LOCKED!	
04/09/15 02:47:54 PM	LOGIN LOCKED!	
04/09/15 02:47:55 PM	LOGIN LOCKED!	
04/09/15 02:47:55 PM	LOGIN LOCKED!	
04/09/15 02:47:56 PM	LOGIN LOCKED!	
04/09/15 02:47:56 PM	LOGIN LOCKED!	
04/09/15 02:47:57 PM	LOGIN LOCKED!	
04/09/15 02:47:57 PM	LOGIN LOCKED!	
04/09/15 02:47:58 PM	LOGIN LOCKED!	
04/09/15 02:47:58 PM	LOGIN LOCKED!	
04/09/15 02:47:59 PM	LOGIN LOCKED!	
04/09/15 02:47:59 PM	LOGIN LOCKED!	
04/09/15 02:48:00 PM	LOGIN LOCKED!	
04/09/15 02:48:00 PM	LOGIN LOCKED!	
04/09/15 02:48:01 PM	LOGIN LOCKED!	
04/09/15 02:48:01 PM	LOGIN LOCKED!	
04/09/15 02:48:02 PM	LOGIN LOCKED!	
04/09/15 02:51:07 PM	SMART INITIALIZED.
04/09/15 02:51:07 PM	DB OK		
04/09/15 02:51:12 PM	LOGIN DENIED.	
04/09/15 02:51:13 PM	LOGIN DENIED.	
04/09/15 02:51:13 PM	LOGIN DENIED.	
04/09/15 02:51:14 PM	LOGIN DENIED.	
04/09/15 02:51:14 PM	LOGIN LOCKED!	
04/09/15 02:51:15 PM	LOGIN LOCKED!	
04/09/15 02:51:15 PM	LOGIN LOCKED!	
04/09/15 02:51:16 PM	LOGIN LOCKED!	
04/09/15 02:51:16 PM	LOGIN LOCKED!	
04/09/15 02:51:17 PM	LOGIN LOCKED!	
04/09/15 02:51:17 PM	LOGIN LOCKED!	
04/09/15 02:51:18 PM	LOGIN LOCKED!	
04/09/15 02:51:18 PM	LOGIN LOCKED!	
04/09/15 02:51:19 PM	LOGIN LOCKED!	
04/09/15 02:51:19 PM	LOGIN LOCKED!	
04/09/15 02:51:20 PM	LOGIN LOCKED!	
04/09/15 02:51:20 PM	LOGIN LOCKED!	
04/09/15 02:51:21 PM	LOGIN LOCKED!	
04/09/15 02:51:21 PM	LOGIN LOCKED!	
04/09/15 02:51:22 PM	LOGIN LOCKED!	
04/09/15 02:51:22 PM	LOGIN LOCKED!	
04/09/15 02:51:23 PM	LOGIN LOCKED!	
04/09/15 02:51:23 PM	LOGIN LOCKED!	
04/09/15 02:51:24 PM	LOGIN LOCKED!	
04/09/15 02:51:24 PM	LOGIN LOCKED!	
04/09/15 02:51:25 PM	LOGIN LOCKED!	
04/09/15 02:51:25 PM	LOGIN LOCKED!	
04/09/15 02:51:26 PM	LOGIN LOCKED!	
04/09/15 02:51:27 PM	LOGIN LOCKED!	
04/09/15 02:51:27 PM	LOGIN LOCKED!	
04/09/15 02:51:28 PM	LOGIN LOCKED!	
04/09/15 02:51:28 PM	LOGIN LOCKED!	
04/09/15 02:51:29 PM	LOGIN LOCKED!	
04/09/15 02:51:29 PM	LOGIN LOCKED!	
04/09/15 02:51:30 PM	LOGIN LOCKED!	
04/09/15 02:51:30 PM	LOGIN LOCKED!	
04/09/15 02:51:31 PM	LOGIN LOCKED!	
04/09/15 02:51:31 PM	LOGIN LOCKED!	
04/09/15 02:51:32 PM	LOGIN LOCKED!	
04/09/15 02:51:32 PM	LOGIN LOCKED!	
04/09/15 02:51:33 PM	LOGIN LOCKED!	
04/09/15 02:51:33 PM	LOGIN LOCKED!	
04/09/15 02:51:34 PM	LOGIN LOCKED!	
04/09/15 02:51:34 PM	LOGIN LOCKED!	
04/09/15 02:51:35 PM	LOGIN LOCKED!	
04/09/15 02:51:35 PM	LOGIN LOCKED!	
04/09/15 02:51:36 PM	LOGIN LOCKED!	
04/09/15 02:51:36 PM	LOGIN LOCKED!	
04/09/15 02:51:37 PM	LOGIN LOCKED!	
04/09/15 02:51:37 PM	LOGIN LOCKED!	
04/09/15 02:51:38 PM	LOGIN LOCKED!	
04/09/15 02:52:05 PM	LOGIN LOCKED!	
04/09/15 02:58:03 PM	SMART INITIALIZED.
04/09/15 02:58:03 PM	DB OK		
04/09/15 02:58:12 PM	LOGIN DENIED.	
04/09/15 02:58:13 PM	LOGIN DENIED.	
04/09/15 02:58:13 PM	LOGIN DENIED.	
04/09/15 02:58:14 PM	LOGGED IN.	
04/09/15 02:58:46 PM	LOGIN DENIED.	
04/09/15 02:58:47 PM	LOGIN LOCKED!	
04/09/15 02:58:47 PM	LOGIN LOCKED!	
04/09/15 02:58:48 PM	LOGIN LOCKED!	
04/09/15 02:58:48 PM	LOGIN LOCKED!	
04/09/15 02:58:49 PM	LOGIN LOCKED!	
04/09/15 02:58:49 PM	LOGIN LOCKED!	
04/09/15 02:58:50 PM	LOGIN LOCKED!	
04/09/15 02:58:50 PM	LOGIN LOCKED!	
04/09/15 02:58:51 PM	LOGIN LOCKED!	
04/09/15 02:58:51 PM	LOGIN LOCKED!	
04/09/15 02:58:52 PM	LOGIN LOCKED!	
04/09/15 02:58:52 PM	LOGIN LOCKED!	
04/09/15 02:58:53 PM	LOGIN LOCKED!	
04/09/15 02:58:53 PM	LOGIN LOCKED!	
04/09/15 02:58:54 PM	LOGIN LOCKED!	
04/09/15 02:58:54 PM	LOGIN LOCKED!	
04/09/15 02:58:55 PM	LOGIN LOCKED!	
04/09/15 02:58:55 PM	LOGIN LOCKED!	
04/09/15 02:58:56 PM	LOGIN LOCKED!	
04/09/15 02:58:56 PM	LOGIN LOCKED!	
04/09/15 02:58:57 PM	LOGIN LOCKED!	
04/09/15 02:58:58 PM	LOGIN LOCKED!	
04/09/15 02:58:58 PM	LOGIN LOCKED!	
04/09/15 02:58:59 PM	LOGIN LOCKED!	
04/09/15 02:58:59 PM	LOGIN LOCKED!	
04/09/15 03:02:03 PM	SMART INITIALIZED.
04/09/15 03:02:03 PM	DB OK		
04/09/15 03:02:23 PM	LOGIN DENIED.	
04/09/15 03:02:29 PM	LOGIN DENIED.	
04/09/15 03:02:31 PM	LOGIN DENIED.	
04/09/15 03:02:33 PM	LOGIN DENIED.	
04/09/15 03:02:39 PM	LOGIN LOCKED!	
04/09/15 03:03:24 PM	LOGGED IN.	
04/09/15 03:03:41 PM	LOGIN DENIED.	
04/09/15 03:03:42 PM	LOGIN DENIED.	
04/09/15 03:03:43 PM	LOGIN DENIED.	
04/09/15 03:03:44 PM	LOGIN DENIED.	
04/09/15 03:03:45 PM	LOGIN LOCKED!	
04/09/15 03:03:54 PM	LOGIN LOCKED!	
04/09/15 03:04:20 PM	LOGIN LOCKED!	
04/09/15 03:05:16 PM	LOGGED IN.	
04/09/15 04:25:30 PM	SMART INITIALIZED.
04/09/15 04:25:30 PM	DB OK		
04/09/15 04:26:30 PM	LOGIN DENIED.	
04/09/15 04:26:31 PM	LOGIN DENIED.	
04/09/15 04:26:33 PM	LOGIN DENIED.	
04/09/15 04:26:34 PM	LOGIN DENIED.	
04/09/15 04:26:35 PM	LOGIN LOCKED!	
04/09/15 04:28:13 PM	LOGGED IN.	
04/09/15 04:28:33 PM	QUERY: The Lost symbol
04/09/15 04:29:47 PM	QUERY: who is Dan Brown
04/09/15 04:29:56 PM	QUERY: who is jain brown
04/09/15 04:30:40 PM	SHUT_DOWN	
